2023-03-03 15:08:33,388 INFO o.a.j.u.JMeterUtils: Setting Locale to en_EN
2023-03-03 15:08:33,426 INFO o.a.j.JMeter: Loading user properties from: user.properties
2023-03-03 15:08:33,426 INFO o.a.j.JMeter: Loading system properties from: system.properties
2023-03-03 15:08:33,435 INFO o.a.j.JMeter: Copyright (c) 1998-2022 The Apache Software Foundation
2023-03-03 15:08:33,435 INFO o.a.j.JMeter: Version 5.5
2023-03-03 15:08:33,435 INFO o.a.j.JMeter: java.version=14.0.2
2023-03-03 15:08:33,435 INFO o.a.j.JMeter: java.vm.name=Java HotSpot(TM) 64-Bit Server VM
2023-03-03 15:08:33,435 INFO o.a.j.JMeter: os.name=Windows 10
2023-03-03 15:08:33,435 INFO o.a.j.JMeter: os.arch=amd64
2023-03-03 15:08:33,435 INFO o.a.j.JMeter: os.version=10.0
2023-03-03 15:08:33,435 INFO o.a.j.JMeter: file.encoding=Cp1252
2023-03-03 15:08:33,435 INFO o.a.j.JMeter: java.awt.headless=null
2023-03-03 15:08:33,435 INFO o.a.j.JMeter: Max memory     =1073741824
2023-03-03 15:08:33,435 INFO o.a.j.JMeter: Available Processors =8
2023-03-03 15:08:33,451 INFO o.a.j.JMeter: Default Locale=English (EN)
2023-03-03 15:08:33,451 INFO o.a.j.JMeter: JMeter  Locale=English (EN)
2023-03-03 15:08:33,451 INFO o.a.j.JMeter: JMeterHome=C:\Users\nguye\OneDrive\Desktop\microservices\apache-jmeter-5.5\apache-jmeter-5.5
2023-03-03 15:08:33,451 INFO o.a.j.JMeter: user.dir  =C:\Users\nguye\OneDrive\Desktop\microservices\apache-jmeter-5.5\apache-jmeter-5.5\bin
2023-03-03 15:08:33,451 INFO o.a.j.JMeter: PWD       =C:\Users\nguye\OneDrive\Desktop\microservices\apache-jmeter-5.5\apache-jmeter-5.5\bin
2023-03-03 15:08:33,451 INFO o.a.j.JMeter: IP: 192.168.1.51 Name: LAPTOP-LS4PKQ05 FullName: LAPTOP-LS4PKQ05
2023-03-03 15:08:33,466 INFO o.a.j.JMeter: Loaded icon properties from org/apache/jmeter/images/icon.properties
2023-03-03 15:08:33,899 INFO o.a.j.JMeterGuiLauncher: Setting LAF to: com.github.weisj.darklaf.DarkLaf:com.github.weisj.darklaf.theme.DarculaTheme
2023-03-03 15:11:52,459 INFO o.a.j.p.h.s.HTTPSamplerBase: Parser for text/html is org.apache.jmeter.protocol.http.parser.LagartoBasedHtmlParser
2023-03-03 15:11:52,476 INFO o.a.j.p.h.s.HTTPSamplerBase: Parser for application/xhtml+xml is org.apache.jmeter.protocol.http.parser.LagartoBasedHtmlParser
2023-03-03 15:11:52,476 INFO o.a.j.p.h.s.HTTPSamplerBase: Parser for application/xml is org.apache.jmeter.protocol.http.parser.LagartoBasedHtmlParser
2023-03-03 15:11:52,476 INFO o.a.j.p.h.s.HTTPSamplerBase: Parser for text/xml is org.apache.jmeter.protocol.http.parser.LagartoBasedHtmlParser
2023-03-03 15:11:52,479 INFO o.a.j.p.h.s.HTTPSamplerBase: Parser for text/vnd.wap.wml is org.apache.jmeter.protocol.http.parser.RegexpHTMLParser
2023-03-03 15:11:52,479 INFO o.a.j.p.h.s.HTTPSamplerBase: Parser for text/css is org.apache.jmeter.protocol.http.parser.CssParser
2023-03-03 15:12:50,917 INFO o.a.j.s.SampleResult: Note: Sample TimeStamps are START times
2023-03-03 15:12:50,917 INFO o.a.j.s.SampleResult: sampleresult.default.encoding is set to ISO-8859-1
2023-03-03 15:12:50,917 INFO o.a.j.s.SampleResult: sampleresult.useNanoTime=true
2023-03-03 15:12:50,917 INFO o.a.j.s.SampleResult: sampleresult.nanoThreadSleep=5000
2023-03-03 15:12:51,167 INFO o.a.j.v.ViewResultsFullVisualizer: Add JavaFX to your Java installation if you want to use renderer: org.apache.jmeter.visualizers.RenderInBrowser
2023-03-03 15:13:26,807 INFO o.a.j.s.FileServer: Default base='C:\Users\nguye\OneDrive\Desktop\microservices\apache-jmeter-5.5\apache-jmeter-5.5\bin'
2023-03-03 15:13:26,811 INFO o.a.j.s.FileServer: Set new base='C:\Users\nguye\OneDrive\Desktop\microservices\apache-jmeter-5.5\apache-jmeter-5.5\bin'
2023-03-03 15:13:27,077 INFO o.a.j.s.SaveService: Testplan (JMX) version: 2.2. Testlog (JTL) version: 2.2
2023-03-03 15:13:27,106 INFO o.a.j.s.SaveService: Using SaveService properties version 5.0
2023-03-03 15:13:27,110 INFO o.a.j.s.SaveService: Using SaveService properties file encoding UTF-8
2023-03-03 15:13:27,183 INFO o.a.j.e.StandardJMeterEngine: Running the test!
2023-03-03 15:13:27,186 INFO o.a.j.s.SampleEvent: List of sample_variables: []
2023-03-03 15:13:27,186 INFO o.a.j.s.SampleEvent: List of sample_variables: []
2023-03-03 15:13:27,186 INFO o.a.j.e.u.CompoundVariable: Note: Function class names must contain the string: '.functions.'
2023-03-03 15:13:27,186 INFO o.a.j.e.u.CompoundVariable: Note: Function class names must not contain the string: '.gui.'
2023-03-03 15:13:27,557 INFO o.a.j.g.u.JMeterMenuBar: setRunning(true, *local*)
2023-03-03 15:13:27,611 INFO o.a.j.e.StandardJMeterEngine: Starting ThreadGroup: 1 : Thread Group
2023-03-03 15:13:27,611 INFO o.a.j.e.StandardJMeterEngine: Starting 15 threads for group Thread Group.
2023-03-03 15:13:27,611 INFO o.a.j.e.StandardJMeterEngine: Thread will continue on error
2023-03-03 15:13:27,611 INFO o.a.j.t.ThreadGroup: Starting thread group... number=1 threads=15 ramp-up=1 delayedStart=false
2023-03-03 15:13:27,617 INFO o.a.j.t.JMeterThread: Thread started: Thread Group 1-1
2023-03-03 15:13:27,625 INFO o.a.j.t.ThreadGroup: Started thread group number 1
2023-03-03 15:13:27,626 INFO o.a.j.e.StandardJMeterEngine: All thread groups have been started
2023-03-03 15:13:27,641 INFO o.a.j.p.h.s.HTTPHCAbstractImpl: Local host = LAPTOP-LS4PKQ05
2023-03-03 15:13:27,651 INFO o.a.j.p.h.s.HTTPHC4Impl: HTTP request retry count = 0
2023-03-03 15:13:27,684 INFO o.a.j.t.JMeterThread: Thread started: Thread Group 1-2
2023-03-03 15:13:27,749 INFO o.a.j.t.JMeterThread: Thread started: Thread Group 1-3
2023-03-03 15:13:27,816 INFO o.a.j.t.JMeterThread: Thread started: Thread Group 1-4
2023-03-03 15:13:27,880 INFO o.a.j.t.JMeterThread: Thread started: Thread Group 1-5
2023-03-03 15:13:27,948 INFO o.a.j.t.JMeterThread: Thread started: Thread Group 1-6
2023-03-03 15:13:28,017 INFO o.a.j.t.JMeterThread: Thread started: Thread Group 1-7
2023-03-03 15:13:28,068 INFO o.a.j.t.JMeterThread: Thread is done: Thread Group 1-2
2023-03-03 15:13:28,068 INFO o.a.j.t.JMeterThread: Thread is done: Thread Group 1-4
2023-03-03 15:13:28,068 INFO o.a.j.t.JMeterThread: Thread is done: Thread Group 1-3
2023-03-03 15:13:28,068 INFO o.a.j.t.JMeterThread: Thread is done: Thread Group 1-1
2023-03-03 15:13:28,069 INFO o.a.j.t.JMeterThread: Thread is done: Thread Group 1-7
2023-03-03 15:13:28,069 INFO o.a.j.t.JMeterThread: Thread finished: Thread Group 1-2
2023-03-03 15:13:28,069 INFO o.a.j.t.JMeterThread: Thread finished: Thread Group 1-3
2023-03-03 15:13:28,069 INFO o.a.j.t.JMeterThread: Thread finished: Thread Group 1-1
2023-03-03 15:13:28,069 INFO o.a.j.t.JMeterThread: Thread finished: Thread Group 1-7
2023-03-03 15:13:28,069 INFO o.a.j.t.JMeterThread: Thread finished: Thread Group 1-4
2023-03-03 15:13:28,084 INFO o.a.j.t.JMeterThread: Thread started: Thread Group 1-8
2023-03-03 15:13:28,096 INFO o.a.j.t.JMeterThread: Thread is done: Thread Group 1-8
2023-03-03 15:13:28,096 INFO o.a.j.t.JMeterThread: Thread finished: Thread Group 1-8
2023-03-03 15:13:28,153 INFO o.a.j.t.JMeterThread: Thread started: Thread Group 1-9
2023-03-03 15:13:28,162 INFO o.a.j.t.JMeterThread: Thread is done: Thread Group 1-9
2023-03-03 15:13:28,162 INFO o.a.j.t.JMeterThread: Thread finished: Thread Group 1-9
2023-03-03 15:13:28,220 INFO o.a.j.t.JMeterThread: Thread started: Thread Group 1-10
2023-03-03 15:13:28,227 INFO o.a.j.t.JMeterThread: Thread is done: Thread Group 1-10
2023-03-03 15:13:28,228 INFO o.a.j.t.JMeterThread: Thread finished: Thread Group 1-10
2023-03-03 15:13:28,285 INFO o.a.j.t.JMeterThread: Thread started: Thread Group 1-11
2023-03-03 15:13:28,289 INFO o.a.j.t.JMeterThread: Thread is done: Thread Group 1-6
2023-03-03 15:13:28,289 INFO o.a.j.t.JMeterThread: Thread is done: Thread Group 1-5
2023-03-03 15:13:28,289 INFO o.a.j.t.JMeterThread: Thread finished: Thread Group 1-6
2023-03-03 15:13:28,289 INFO o.a.j.t.JMeterThread: Thread finished: Thread Group 1-5
2023-03-03 15:13:28,296 INFO o.a.j.t.JMeterThread: Thread is done: Thread Group 1-11
2023-03-03 15:13:28,296 INFO o.a.j.t.JMeterThread: Thread finished: Thread Group 1-11
2023-03-03 15:13:28,353 INFO o.a.j.t.JMeterThread: Thread started: Thread Group 1-12
2023-03-03 15:13:28,359 INFO o.a.j.t.JMeterThread: Thread is done: Thread Group 1-12
2023-03-03 15:13:28,359 INFO o.a.j.t.JMeterThread: Thread finished: Thread Group 1-12
2023-03-03 15:13:28,419 INFO o.a.j.t.JMeterThread: Thread started: Thread Group 1-13
2023-03-03 15:13:28,426 INFO o.a.j.t.JMeterThread: Thread is done: Thread Group 1-13
2023-03-03 15:13:28,426 INFO o.a.j.t.JMeterThread: Thread finished: Thread Group 1-13
2023-03-03 15:13:28,489 INFO o.a.j.t.JMeterThread: Thread started: Thread Group 1-14
2023-03-03 15:13:28,496 INFO o.a.j.t.JMeterThread: Thread is done: Thread Group 1-14
2023-03-03 15:13:28,496 INFO o.a.j.t.JMeterThread: Thread finished: Thread Group 1-14
2023-03-03 15:13:28,553 INFO o.a.j.t.JMeterThread: Thread started: Thread Group 1-15
2023-03-03 15:13:28,555 INFO o.a.j.t.JMeterThread: Thread is done: Thread Group 1-15
2023-03-03 15:13:28,555 INFO o.a.j.t.JMeterThread: Thread finished: Thread Group 1-15
2023-03-03 15:13:28,555 INFO o.a.j.e.StandardJMeterEngine: Notifying test listeners of end of test
2023-03-03 15:13:28,555 INFO o.a.j.g.u.JMeterMenuBar: setRunning(false, *local*)
2023-03-03 15:16:09,532 INFO o.a.j.e.StandardJMeterEngine: Running the test!
2023-03-03 15:16:09,534 INFO o.a.j.s.SampleEvent: List of sample_variables: []
2023-03-03 15:16:09,536 INFO o.a.j.g.u.JMeterMenuBar: setRunning(true, *local*)
2023-03-03 15:16:09,686 INFO o.a.j.e.StandardJMeterEngine: Starting ThreadGroup: 1 : Thread Group
2023-03-03 15:16:09,687 INFO o.a.j.e.StandardJMeterEngine: Starting 15 threads for group Thread Group.
2023-03-03 15:16:09,687 INFO o.a.j.e.StandardJMeterEngine: Thread will continue on error
2023-03-03 15:16:09,687 INFO o.a.j.t.ThreadGroup: Starting thread group... number=1 threads=15 ramp-up=1 delayedStart=false
2023-03-03 15:16:09,690 INFO o.a.j.t.JMeterThread: Thread started: Thread Group 1-1
2023-03-03 15:16:09,700 INFO o.a.j.t.ThreadGroup: Started thread group number 1
2023-03-03 15:16:09,701 INFO o.a.j.e.StandardJMeterEngine: All thread groups have been started
2023-03-03 15:16:09,757 INFO o.a.j.t.JMeterThread: Thread started: Thread Group 1-2
2023-03-03 15:16:09,823 INFO o.a.j.t.JMeterThread: Thread started: Thread Group 1-3
2023-03-03 15:16:09,891 INFO o.a.j.t.JMeterThread: Thread started: Thread Group 1-4
2023-03-03 15:16:09,957 INFO o.a.j.t.JMeterThread: Thread started: Thread Group 1-5
2023-03-03 15:16:10,025 INFO o.a.j.t.JMeterThread: Thread started: Thread Group 1-6
2023-03-03 15:16:10,066 INFO o.a.j.t.JMeterThread: Thread is done: Thread Group 1-1
2023-03-03 15:16:10,066 INFO o.a.j.t.JMeterThread: Thread finished: Thread Group 1-1
2023-03-03 15:16:10,067 INFO o.a.j.t.JMeterThread: Thread is done: Thread Group 1-2
2023-03-03 15:16:10,067 INFO o.a.j.t.JMeterThread: Thread finished: Thread Group 1-2
2023-03-03 15:16:10,092 INFO o.a.j.t.JMeterThread: Thread started: Thread Group 1-7
2023-03-03 15:16:10,158 INFO o.a.j.t.JMeterThread: Thread started: Thread Group 1-8
2023-03-03 15:16:10,226 INFO o.a.j.t.JMeterThread: Thread started: Thread Group 1-9
2023-03-03 15:16:10,293 INFO o.a.j.t.JMeterThread: Thread started: Thread Group 1-10
2023-03-03 15:16:10,340 INFO o.a.j.t.JMeterThread: Thread is done: Thread Group 1-3
2023-03-03 15:16:10,340 INFO o.a.j.t.JMeterThread: Thread is done: Thread Group 1-4
2023-03-03 15:16:10,341 INFO o.a.j.t.JMeterThread: Thread finished: Thread Group 1-4
2023-03-03 15:16:10,341 INFO o.a.j.t.JMeterThread: Thread finished: Thread Group 1-3
2023-03-03 15:16:10,361 INFO o.a.j.t.JMeterThread: Thread started: Thread Group 1-11
2023-03-03 15:16:10,428 INFO o.a.j.t.JMeterThread: Thread started: Thread Group 1-12
2023-03-03 15:16:10,493 INFO o.a.j.t.JMeterThread: Thread started: Thread Group 1-13
2023-03-03 15:16:10,561 INFO o.a.j.t.JMeterThread: Thread started: Thread Group 1-14
2023-03-03 15:16:10,629 INFO o.a.j.t.JMeterThread: Thread started: Thread Group 1-15
2023-03-03 15:16:11,974 INFO o.a.j.t.JMeterThread: Thread is done: Thread Group 1-5
2023-03-03 15:16:11,974 INFO o.a.j.t.JMeterThread: Thread finished: Thread Group 1-5
2023-03-03 15:16:12,051 INFO o.a.j.t.JMeterThread: Thread is done: Thread Group 1-6
2023-03-03 15:16:12,051 INFO o.a.j.t.JMeterThread: Thread finished: Thread Group 1-6
2023-03-03 15:16:12,111 INFO o.a.j.t.JMeterThread: Thread is done: Thread Group 1-7
2023-03-03 15:16:12,111 INFO o.a.j.t.JMeterThread: Thread finished: Thread Group 1-7
2023-03-03 15:16:12,176 INFO o.a.j.t.JMeterThread: Thread is done: Thread Group 1-8
2023-03-03 15:16:12,176 INFO o.a.j.t.JMeterThread: Thread finished: Thread Group 1-8
2023-03-03 15:16:12,249 INFO o.a.j.t.JMeterThread: Thread is done: Thread Group 1-9
2023-03-03 15:16:12,250 INFO o.a.j.t.JMeterThread: Thread finished: Thread Group 1-9
2023-03-03 15:16:12,313 INFO o.a.j.t.JMeterThread: Thread is done: Thread Group 1-10
2023-03-03 15:16:12,313 INFO o.a.j.t.JMeterThread: Thread finished: Thread Group 1-10
2023-03-03 15:16:12,375 INFO o.a.j.t.JMeterThread: Thread is done: Thread Group 1-11
2023-03-03 15:16:12,375 INFO o.a.j.t.JMeterThread: Thread finished: Thread Group 1-11
2023-03-03 15:16:12,437 INFO o.a.j.t.JMeterThread: Thread is done: Thread Group 1-12
2023-03-03 15:16:12,437 INFO o.a.j.t.JMeterThread: Thread finished: Thread Group 1-12
2023-03-03 15:16:12,516 INFO o.a.j.t.JMeterThread: Thread is done: Thread Group 1-13
2023-03-03 15:16:12,516 INFO o.a.j.t.JMeterThread: Thread finished: Thread Group 1-13
2023-03-03 15:16:12,578 INFO o.a.j.t.JMeterThread: Thread is done: Thread Group 1-14
2023-03-03 15:16:12,578 INFO o.a.j.t.JMeterThread: Thread finished: Thread Group 1-14
2023-03-03 15:16:12,640 INFO o.a.j.t.JMeterThread: Thread is done: Thread Group 1-15
2023-03-03 15:16:12,640 INFO o.a.j.t.JMeterThread: Thread finished: Thread Group 1-15
2023-03-03 15:16:12,641 INFO o.a.j.e.StandardJMeterEngine: Notifying test listeners of end of test
2023-03-03 15:16:12,641 INFO o.a.j.g.u.JMeterMenuBar: setRunning(false, *local*)
